current directory: /home/vagrant/share/vendor/bundle/ruby/2.4.0/gems/nokogiri-1.8.2/ext/nokogiri
/home/vagrant/.rbenv/versions/2.4.2/bin/ruby -r ./siteconf20180619-5061-1f1qif4.rb extconf.rb
checking if the C compiler accepts ... yes
Building nokogiri using packaged libraries.
Using mini_portile version 2.3.0
checking for gzdopen() in -lz... yes
checking for iconv... yes
************************************************************************
IMPORTANT NOTICE:

Building Nokogiri with a packaged version of libxml2-2.9.7.

Team Nokogiri will keep on doing their best to provide security
updates in a timely manner, but if this is a concern for you and want
to use the system library instead; abort this installation process and
reinstall nokogiri as follows:

    gem install nokogiri -- --use-system-libraries
        [--with-xml2-config=/path/to/xml2-config]
        [--with-xslt-config=/path/to/xslt-config]

If you are using Bundler, tell it to use the option:

    bundle config build.nokogiri --use-system-libraries
    bundle install

Note, however, that nokogiri is not fully compatible with arbitrary
versions of libxml2 provided by OS/package vendors.
************************************************************************
Extracting libxml2-2.9.7.tar.gz into tmp/x86_64-pc-linux-gnu/ports/libxml2/2.9.7... OK
Running 'configure' for libxml2 2.9.7... OK
Running 'compile' for libxml2 2.9.7... ERROR, review '/home/vagrant/share/vendor/bundle/ruby/2.4.0/gems/nokogiri-1.8.2/ext/nokogiri/tmp/x86_64-pc-linux-gnu/ports/libxml2/2.9.7/compile.log' to see what happened. Last lines are:
========================================================================
                        ^
In file included from xpath.c:483:0:
xpath.c: トップレベル:
trionan.c:218:1: 警告: ‘trio_is_negative’ が定義されましたが使用されません [-Wunused-function]
 trio_is_negative
 ^
  CC       xpointer.lo
  CC       xinclude.lo
  CC       nanohttp.lo
  CC       nanoftp.lo
  CC       catalog.lo
  CC       globals.lo
  CC       threads.lo
  CC       c14n.lo
/bin/sh: ./libtool: そのようなファイルやディレクトリはありません
make[2]: *** [c14n.lo] エラー 127
make[2]: ディレクトリ `/home/vagrant/share/vendor/bundle/ruby/2.4.0/gems/nokogiri-1.8.2/ext/nokogiri/tmp/x86_64-pc-linux-gnu/ports/libxml2/2.9.7/libxml2-2.9.7' から出ます
make[1]: *** [all-recursive] エラー 1
make[1]: ディレクトリ `/home/vagrant/share/vendor/bundle/ruby/2.4.0/gems/nokogiri-1.8.2/ext/nokogiri/tmp/x86_64-pc-linux-gnu/ports/libxml2/2.9.7/libxml2-2.9.7' から出ます
make: *** [all] エラー 2
========================================================================
*** extconf.rb failed ***
Could not create Makefile due to some reason, probably lack of necessary
libraries and/or headers.  Check the mkmf.log file for more details.  You may
need configuration options.

Provided configuration options:
	--with-opt-dir
	--without-opt-dir
	--with-opt-include
	--without-opt-include=${opt-dir}/include
	--with-opt-lib
	--without-opt-lib=${opt-dir}/lib
	--with-make-prog
	--without-make-prog
	--srcdir=.
	--curdir
	--ruby=/home/vagrant/.rbenv/versions/2.4.2/bin/$(RUBY_BASE_NAME)
	--help
	--clean
	--use-system-libraries
	--enable-static
	--disable-static
	--with-zlib-dir
	--without-zlib-dir
	--with-zlib-include
	--without-zlib-include=${zlib-dir}/include
	--with-zlib-lib
	--without-zlib-lib=${zlib-dir}/lib
	--enable-cross-build
	--disable-cross-build
/home/vagrant/share/vendor/bundle/ruby/2.4.0/gems/mini_portile2-2.3.0/lib/mini_portile2/mini_portile.rb:402:in `block in execute': Failed to complete compile task (RuntimeError)
	from /home/vagrant/share/vendor/bundle/ruby/2.4.0/gems/mini_portile2-2.3.0/lib/mini_portile2/mini_portile.rb:373:in `chdir'
	from /home/vagrant/share/vendor/bundle/ruby/2.4.0/gems/mini_portile2-2.3.0/lib/mini_portile2/mini_portile.rb:373:in `execute'
	from /home/vagrant/share/vendor/bundle/ruby/2.4.0/gems/mini_portile2-2.3.0/lib/mini_portile2/mini_portile.rb:115:in `compile'
	from /home/vagrant/share/vendor/bundle/ruby/2.4.0/gems/mini_portile2-2.3.0/lib/mini_portile2/mini_portile.rb:154:in `cook'
	from extconf.rb:365:in `block (2 levels) in process_recipe'
	from extconf.rb:257:in `block in chdir_for_build'
	from extconf.rb:256:in `chdir'
	from extconf.rb:256:in `chdir_for_build'
	from extconf.rb:364:in `block in process_recipe'
	from extconf.rb:262:in `tap'
	from extconf.rb:262:in `process_recipe'
	from extconf.rb:551:in `<main>'

extconf failed, exit code 1
